<?xml version="1.0" encoding="UTF-8"?>
<testng-results skipped="0" failed="0" ignored="6" total="9" passed="3">
  <reporter-output>
  </reporter-output>
  <suite name="Regression_Suite" duration-ms="48" started-at="2018-12-01T06:39:55Z" finished-at="2018-12-01T06:39:55Z">
    <groups>
      <group name="Smoke">
        <method signature="Regression_4.display4()[pri:0, instance:com.Regression.Regression_4@47c62251]" name="display4" class="com.Regression.Regression_4"/>
        <method signature="Regression_5.display5()[pri:0, instance:com.Regression.Regression_5@3e6fa38a]" name="display5" class="com.Regression.Regression_5"/>
        <method signature="Regression_6.display6()[pri:0, instance:com.Regression.Regression_6@66a3ffec]" name="display6" class="com.Regression.Regression_6"/>
      </group> <!-- Smoke -->
    </groups>
    <test name="Regreesion_Test" duration-ms="48" started-at="2018-12-01T06:39:55Z" finished-at="2018-12-01T06:39:55Z">
      <class name="com.Regression.Regression_5">
        <test-method status="PASS" signature="display5()[pri:0, instance:com.Regression.Regression_5@3e6fa38a]" name="display5" duration-ms="13" started-at="2018-12-01T06:39:55Z" finished-at="2018-12-01T06:39:55Z">
          <reporter-output>
          </reporter-output>
        </test-method> <!-- display5 -->
      </class> <!-- com.Regression.Regression_5 -->
      <class name="com.Regression.Regression_4">
        <test-method status="PASS" signature="display4()[pri:0, instance:com.Regression.Regression_4@47c62251]" name="display4" duration-ms="13" started-at="2018-12-01T06:39:55Z" finished-at="2018-12-01T06:39:55Z">
          <reporter-output>
          </reporter-output>
        </test-method> <!-- display4 -->
      </class> <!-- com.Regression.Regression_4 -->
      <class name="com.Regression.Regression_6">
        <test-method status="PASS" signature="display6()[pri:0, instance:com.Regression.Regression_6@66a3ffec]" name="display6" duration-ms="13" started-at="2018-12-01T06:39:55Z" finished-at="2018-12-01T06:39:55Z">
          <reporter-output>
          </reporter-output>
        </test-method> <!-- display6 -->
      </class> <!-- com.Regression.Regression_6 -->
    </test> <!-- Regreesion_Test -->
  </suite> <!-- Regression_Suite -->
</testng-results>
