<?xml version="1.0" encoding="UTF-8"?>
<!-- Generated by org.testng.reporters.JUnitXMLReporter -->
<testsuite hostname="del1-lhp-n02397" ignored="6" name="Regreesion_Test" tests="3" failures="0" timestamp="01 Dec 2018 06:39:55 GMT" time="0.048" errors="0">
  <testcase name="display5" time="0.013" classname="com.Regression.Regression_5"/>
  <testcase name="display6" time="0.013" classname="com.Regression.Regression_6"/>
  <testcase name="display4" time="0.013" classname="com.Regression.Regression_4"/>
  <testcase name="display1" time="0.0" classname="com.Regression.Regression_1">
    <ignored/>
  </testcase> <!-- display1 -->
  <testcase name="display7" time="0.0" classname="com.Regression.Regression_7">
    <ignored/>
  </testcase> <!-- display7 -->
  <testcase name="display8" time="0.0" classname="com.Regression.Regression_8">
    <ignored/>
  </testcase> <!-- display8 -->
  <testcase name="display9" time="0.0" classname="com.Regression.Regression_9">
    <ignored/>
  </testcase> <!-- display9 -->
  <testcase name="display2" time="0.0" classname="com.Regression.Regression_2">
    <ignored/>
  </testcase> <!-- display2 -->
  <testcase name="display3" time="0.0" classname="com.Regression.Regression_3">
    <ignored/>
  </testcase> <!-- display3 -->
</testsuite> <!-- Regreesion_Test -->
