<?xml version="1.0" encoding="UTF-8"?>
<!-- Generated by org.testng.reporters.JUnitXMLReporter -->
<testsuite hostname="del1-lhp-n02397" ignored="0" name="Package_Level_Test" tests="21" failures="0" timestamp="27 Oct 2018 05:01:09 GMT" time="0.22" errors="0">
  <testcase name="display1" time="0.02" classname="com.Sanity.Sanity_1"/>
  <testcase name="display1" time="0.0" classname="com.Regression.Regression_1"/>
  <testcase name="display1" time="0.0" classname="com.Smoke.Smoke_1"/>
  <testcase name="display2" time="0.004" classname="com.Regression.Regression_2"/>
  <testcase name="display2" time="0.004" classname="com.Sanity.Sanity_2"/>
  <testcase name="display2" time="0.014" classname="com.Smoke.Smoke_2"/>
  <testcase name="display3" time="0.004" classname="com.Regression.Regression_3"/>
  <testcase name="display3" time="0.0" classname="com.Sanity.Sanity_3"/>
  <testcase name="display3" time="0.004" classname="com.Smoke.Smoke_3"/>
  <testcase name="display4" time="0.004" classname="com.Regression.Regression_4"/>
  <testcase name="display4" time="0.004" classname="com.Sanity.Sanity_4"/>
  <testcase name="display4" time="0.0" classname="com.Smoke.Smoke_4"/>
  <testcase name="display5" time="0.0" classname="com.Regression.Regression_5"/>
  <testcase name="display5" time="0.008" classname="com.Sanity.Sanity_5"/>
  <testcase name="display5" time="0.0" classname="com.Smoke.Smoke_5"/>
  <testcase name="display6" time="0.004" classname="com.Regression.Regression_6"/>
  <testcase name="display6" time="0.0" classname="com.Sanity.Sanity_6"/>
  <testcase name="display6" time="0.0" classname="com.Smoke.Smoke_6"/>
  <testcase name="display7" time="0.0" classname="com.Regression.Regression_7"/>
  <testcase name="display8" time="0.012" classname="com.Regression.Regression_8"/>
  <testcase name="display9" time="0.004" classname="com.Regression.Regression_9"/>
</testsuite> <!-- Package_Level_Test -->
