<?xml version="1.0" encoding="UTF-8"?>
<!-- Generated by org.testng.reporters.JUnitXMLReporter -->
<testsuite hostname="del1-lhp-n02397" ignored="0" name="Smoke_Test" tests="6" failures="0" timestamp="27 Oct 2018 05:02:53 GMT" time="0.02" errors="0">
  <testcase name="display6" time="0.004" classname="com.Smoke.Smoke_6"/>
  <testcase name="display5" time="0.0" classname="com.Smoke.Smoke_5"/>
  <testcase name="display4" time="0.0" classname="com.Smoke.Smoke_4"/>
  <testcase name="display3" time="0.0" classname="com.Smoke.Smoke_3"/>
  <testcase name="display2" time="0.0" classname="com.Smoke.Smoke_2"/>
  <testcase name="display1" time="0.0" classname="com.Smoke.Smoke_1"/>
</testsuite> <!-- Smoke_Test -->
