<?xml version="1.0" encoding="UTF-8"?>
<testng-results skipped="0" failed="0" ignored="0" total="1" passed="1">
  <reporter-output>
  </reporter-output>
  <suite name="Default suite" duration-ms="131346" started-at="2019-01-07T06:40:12Z" finished-at="2019-01-07T06:42:23Z">
    <groups>
    </groups>
    <test name="Default test" duration-ms="131346" started-at="2019-01-07T06:40:12Z" finished-at="2019-01-07T06:42:23Z">
      <class name="com.LinkedIn.TestLogin.VerifyLogin">
        <test-method status="PASS" signature="login()[pri:0, instance:com.LinkedIn.TestLogin.VerifyLogin@6a4f787b]" name="login" duration-ms="129124" started-at="2019-01-07T06:40:12Z" finished-at="2019-01-07T06:42:21Z">
          <reporter-output>
          </reporter-output>
        </test-method> <!-- login -->
        <test-method status="PASS" signature="closeBrowser()[pri:0, instance:com.LinkedIn.TestLogin.VerifyLogin@6a4f787b]" name="closeBrowser" is-config="true" duration-ms="2138" started-at="2019-01-07T06:42:21Z" finished-at="2019-01-07T06:42:23Z">
          <reporter-output>
          </reporter-output>
        </test-method> <!-- closeBrowser -->
        <test-method status="PASS" signature="QuitBrowser()[pri:0, instance:com.LinkedIn.TestLogin.VerifyLogin@6a4f787b]" name="QuitBrowser" is-config="true" duration-ms="878" started-at="2019-01-07T06:42:23Z" finished-at="2019-01-07T06:42:24Z">
          <reporter-output>
          </reporter-output>
        </test-method> <!-- QuitBrowser -->
      </class> <!-- com.LinkedIn.TestLogin.VerifyLogin -->
    </test> <!-- Default test -->
  </suite> <!-- Default suite -->
</testng-results>
