<?xml version="1.0" encoding="UTF-8"?>
<!-- Generated by org.testng.reporters.JUnitXMLReporter -->
<testsuite hostname="del1-lhp-n02397" ignored="0" name="Default_Regression_Test" tests="9" failures="0" timestamp="27 Oct 2018 04:52:49 GMT" time="0.082" errors="0">
  <testcase name="display2" time="0.02" classname="com.Regression.Regression_2"/>
  <testcase name="display3" time="0.021" classname="com.Regression.Regression_3"/>
  <testcase name="display9" time="0.02" classname="com.Regression.Regression_9"/>
  <testcase name="display1" time="0.02" classname="com.Regression.Regression_1"/>
  <testcase name="display8" time="0.021" classname="com.Regression.Regression_8"/>
  <testcase name="display4" time="0.004" classname="com.Regression.Regression_4"/>
  <testcase name="display5" time="0.004" classname="com.Regression.Regression_5"/>
  <testcase name="display7" time="0.012" classname="com.Regression.Regression_7"/>
  <testcase name="display6" time="0.016" classname="com.Regression.Regression_6"/>
</testsuite> <!-- Default_Regression_Test -->
